<?xml version="1.0" encoding="UTF-8"?>
<testsuite xmlns:xsi="http://www.w3.org/2001/XMLSchema-instance" xsi:noNamespaceSchemaLocation="https://maven.apache.org/surefire/maven-surefire-plugin/xsd/surefire-test-report-3.0.xsd" version="3.0" name="com.oci.appender.OciAsyncAppenderTest" time="10.5" tests="2" errors="0" skipped="0" failures="0">
  <properties>
[...]
</properties>
  <testcase name="testRetryBackoff" classname="com.oci.appender.OciAsyncAppenderTest" time="6.868">
    <system-out><![CDATA[Appending [OFF]Retry me
]]></system-out>
    <system-err><![CDATA[WARNING: A Java agent has been loaded dynamically (/Users/luke/.m2/repository/net/bytebuddy/byte-buddy-agent/1.14.12/byte-buddy-agent-1.14.12.jar)
WARNING: If a serviceability tool is in use, please run with -XX:+EnableDynamicAgentLoading to hide this warning
WARNING: If a serviceability tool is not in use, please run with -Djdk.instrument.traceUsage for more information
WARNING: Dynamic loading of agents will be disallowed by default in a future release
]]></system-err>
  </testcase>
  <testcase name="testAppenderReceivesLogEvent" classname="com.oci.appender.OciAsyncAppenderTest" time="3.572">
    <system-out><![CDATA[Appending [INFO]Test message
00:51:11.471 [main] INFO  testLogger - Test message
stdout flush:Test message
]]></system-out>
  </testcase>
</testsuite>