<?xml version="1.0" encoding="UTF-8"?>
<testsuite xmlns:xsi="http://www.w3.org/2001/XMLSchema-instance" xsi:noNamespaceSchemaLocation="https://maven.apache.org/surefire/maven-surefire-plugin/xsd/surefire-test-report-3.0.xsd" version="3.0" name="com.oci.appender.OciAsyncAppenderTest" time="10.518" tests="2" errors="0" skipped="0" failures="0">
  <properties>
[...]
</properties>
  <testcase name="testRetryBackoff" classname="com.oci.appender.OciAsyncAppenderTest" time="6.873">
    <system-out><![CDATA[Test Appender constructor called
Appender start() called
Starting flush batch
Appending [OFF]Retry me
Starting flush batch
Starting sendWithRetry for 1 messages
Exception in sendWithRetry class java.lang.RuntimeException OCI down
Sent OFF logs(1) to oci
Starting flush batch
]]></system-out>
    <system-err><![CDATA[WARNING: A Java agent has been loaded dynamically (/Users/luke/.m2/repository/net/bytebuddy/byte-buddy-agent/1.14.12/byte-buddy-agent-1.14.12.jar)
WARNING: If a serviceability tool is in use, please run with -XX:+EnableDynamicAgentLoading to hide this warning
WARNING: If a serviceability tool is not in use, please run with -Djdk.instrument.traceUsage for more information
WARNING: Dynamic loading of agents will be disallowed by default in a future release
]]></system-err>
  </testcase>
  <testcase name="testAppenderReceivesLogEvent" classname="com.oci.appender.OciAsyncAppenderTest" time="3.584">
    <system-out><![CDATA[Test Appender constructor called
Starting flush batch
Appender start() called
Appending [INFO]Test message
23:03:36.224 [main] INFO  testLogger - Test message
Starting flush batch
Starting flush batch
Starting sendWithRetry for 1 messages
stdout flush:Test message
]]></system-out>
  </testcase>
</testsuite>